# JRE version: OpenJDK Runtime Environment Temurin-17.0.5+8 (17.0.5+8) (build 17.0.5+8)
# Java VM: OpenJDK 64-Bit Server VM Temurin-17.0.5+8 (17.0.5+8, mixed mode, tiered, compressed oops, compressed class ptrs, parallel gc, windows-amd64)
GC Precious Log:
 CPUs: 2 total, 2 available
 Memory: 2047M
 Large Page Support: Disabled
 NUMA Support: Disabled
 Compressed Oops: Enabled (32-bit)
 Alignments: Space 512K, Generation 512K, Heap 2M
 Heap Min Capacity: 100M
 Heap Initial Capacity: 100M
 Heap Max Capacity: 1G
 Pre-touch: Disabled
 Parallel Workers: 2
Heap:
 PSYoungGen      total 6144K, used 885K [0x00000000eab00000, 0x00000000eb200000, 0x0000000100000000)
  eden space 5120K, 12% used [0x00000000eab00000,0x00000000eaba5670,0x00000000eb000000)
  from space 1024K, 21% used [0x00000000eb000000,0x00000000eb038000,0x00000000eb100000)
  to   space 512K, 0% used [0x00000000eb180000,0x00000000eb180000,0x00000000eb200000)
 ParOldGen       total 136192K, used 126742K [0x00000000c0000000, 0x00000000c8500000, 0x00000000eab00000)
  object space 136192K, 93% used [0x00000000c0000000,0x00000000c7bc5be8,0x00000000c8500000)
 Metaspace       used 85899K, committed 87040K, reserved 1130496K
  class space    used 8890K, committed 9472K, reserved 1048576K
GC Heap History (20 events):
Event: 1897.418 GC heap before
{Heap before GC invocations=479 (full 22):
 PSYoungGen      total 8192K, used 8163K [0x00000000eab00000, 0x00000000eb900000, 0x0000000100000000)
  eden space 6144K, 100% used [0x00000000eab00000,0x00000000eb100000,0x00000000eb100000)
  from space 2048K, 98% used [0x00000000eb200000,0x00000000eb3f8f50,0x00000000eb400000)
  to   space 4096K, 0% used [0x00000000eb500000,0x00000000eb500000,0x00000000eb900000)
 ParOldGen       total 136192K, used 110582K [0x00000000c0000000, 0x00000000c8500000, 0x00000000eab00000)
  object space 136192K, 81% used [0x00000000c0000000,0x00000000c6bfdb60,0x00000000c8500000)
 Metaspace       used 85747K, committed 86912K, reserved 1130496K
  class space    used 8874K, committed 9408K, reserved 1048576K
}
Event: 1897.432 GC heap after
{Heap after GC invocations=479 (full 22):
 PSYoungGen      total 5120K, used 4093K [0x00000000eab00000, 0x00000000ec400000, 0x0000000100000000)
  eden space 1024K, 0% used [0x00000000eab00000,0x00000000eab00000,0x00000000eac00000)
  from space 4096K, 99% used [0x00000000eb500000,0x00000000eb8ff7d0,0x00000000eb900000)
  to   space 9216K, 0% used [0x00000000eac00000,0x00000000eac00000,0x00000000eb500000)
 ParOldGen       total 136192K, used 114562K [0x00000000c0000000, 0x00000000c8500000, 0x00000000eab00000)
  object space 136192K, 84% used [0x00000000c0000000,0x00000000c6fe0ab0,0x00000000c8500000)
 Metaspace       used 85747K, committed 86912K, reserved 1130496K
  class space    used 8874K, committed 9408K, reserved 1048576K
}
Event: 1897.435 GC heap before
{Heap before GC invocations=480 (full 22):
 PSYoungGen      total 5120K, used 5117K [0x00000000eab00000, 0x00000000ec400000, 0x0000000100000000)
  eden space 1024K, 100% used [0x00000000eab00000,0x00000000eac00000,0x00000000eac00000)
  from space 4096K, 99% used [0x00000000eb500000,0x00000000eb8ff7d0,0x00000000eb900000)
  to   space 9216K, 0% used [0x00000000eac00000,0x00000000eac00000,0x00000000eb500000)
 ParOldGen       total 136192K, used 114562K [0x00000000c0000000, 0x00000000c8500000, 0x00000000eab00000)
  object space 136192K, 84% used [0x00000000c0000000,0x00000000c6fe0ab0,0x00000000c8500000)
 Metaspace       used 85747K, committed 86912K, reserved 1130496K
  class space    used 8874K, committed 9408K, reserved 1048576K
}
Event: 1897.447 GC heap after
{Heap after GC invocations=480 (full 22):
 PSYoungGen      total 2048K, used 992K [0x00000000eab00000, 0x00000000eb580000, 0x0000000100000000)
  eden space 1024K, 0% used [0x00000000eab00000,0x00000000eab00000,0x00000000eac00000)
  from space 1024K, 96% used [0x00000000eac00000,0x00000000eacf8000,0x00000000ead00000)
  to   space 3584K, 0% used [0x00000000eb200000,0x00000000eb200000,0x00000000eb580000)
 ParOldGen       total 136192K, used 118688K [0x00000000c0000000, 0x00000000c8500000, 0x00000000eab00000)
  object space 136192K, 87% used [0x00000000c0000000,0x00000000c73e8280,0x00000000c8500000)
 Metaspace       used 85747K, committed 86912K, reserved 1130496K
  class space    used 8874K, committed 9408K, reserved 1048576K
}
Event: 1897.451 GC heap before
{Heap before GC invocations=481 (full 22):
 PSYoungGen      total 2048K, used 2016K [0x00000000eab00000, 0x00000000eb580000, 0x0000000100000000)
  eden space 1024K, 100% used [0x00000000eab00000,0x00000000eac00000,0x00000000eac00000)
  from space 1024K, 96% used [0x00000000eac00000,0x00000000eacf8000,0x00000000ead00000)
  to   space 3584K, 0% used [0x00000000eb200000,0x00000000eb200000,0x00000000eb580000)
 ParOldGen       total 136192K, used 118688K [0x00000000c0000000, 0x00000000c8500000, 0x00000000eab00000)
  object space 136192K, 87% used [0x00000000c0000000,0x00000000c73e8280,0x00000000c8500000)
 Metaspace       used 85747K, committed 86912K, reserved 1130496K
  class space    used 8874K, committed 9408K, reserved 1048576K
}
Event: 1897.455 GC heap after
{Heap after GC invocations=481 (full 22):
 PSYoungGen      total 2560K, used 992K [0x00000000eab00000, 0x00000000eb300000, 0x0000000100000000)
  eden space 1536K, 0% used [0x00000000eab00000,0x00000000eab00000,0x00000000eac80000)
  from space 1024K, 96% used [0x00000000eb200000,0x00000000eb2f8000,0x00000000eb300000)
  to   space 1536K, 0% used [0x00000000eb000000,0x00000000eb000000,0x00000000eb180000)
 ParOldGen       total 136192K, used 119672K [0x00000000c0000000, 0x00000000c8500000, 0x00000000eab00000)
  object space 136192K, 87% used [0x00000000c0000000,0x00000000c74de280,0x00000000c8500000)
 Metaspace       used 85747K, committed 86912K, reserved 1130496K
  class space    used 8874K, committed 9408K, reserved 1048576K
}
Event: 1897.459 GC heap before
{Heap before GC invocations=482 (full 22):
 PSYoungGen      total 2560K, used 2528K [0x00000000eab00000, 0x00000000eb300000, 0x0000000100000000)
  eden space 1536K, 100% used [0x00000000eab00000,0x00000000eac80000,0x00000000eac80000)
  from space 1024K, 96% used [0x00000000eb200000,0x00000000eb2f8000,0x00000000eb300000)
  to   space 1536K, 0% used [0x00000000eb000000,0x00000000eb000000,0x00000000eb180000)
 ParOldGen       total 136192K, used 119672K [0x00000000c0000000, 0x00000000c8500000, 0x00000000eab00000)
  object space 136192K, 87% used [0x00000000c0000000,0x00000000c74de280,0x00000000c8500000)
 Metaspace       used 85747K, committed 86912K, reserved 1130496K
  class space    used 8874K, committed 9408K, reserved 1048576K
}
Event: 1897.464 GC heap after
{Heap after GC invocations=482 (full 22):
 PSYoungGen      total 3584K, used 1536K [0x00000000eab00000, 0x00000000eb280000, 0x0000000100000000)
  eden space 2048K, 0% used [0x00000000eab00000,0x00000000eab00000,0x00000000ead00000)
  from space 1536K, 100% used [0x00000000eb000000,0x00000000eb180000,0x00000000eb180000)
  to   space 1024K, 0% used [0x00000000eb180000,0x00000000eb180000,0x00000000eb280000)
 ParOldGen       total 136192K, used 120672K [0x00000000c0000000, 0x00000000c8500000, 0x00000000eab00000)
  object space 136192K, 88% used [0x00000000c0000000,0x00000000c75d8280,0x00000000c8500000)
 Metaspace       used 85747K, committed 86912K, reserved 1130496K
  class space    used 8874K, committed 9408K, reserved 1048576K
}
Event: 1897.480 GC heap before
{Heap before GC invocations=483 (full 22):
 PSYoungGen      total 3584K, used 3584K [0x00000000eab00000, 0x00000000eb280000, 0x0000000100000000)
  eden space 2048K, 100% used [0x00000000eab00000,0x00000000ead00000,0x00000000ead00000)
  from space 1536K, 100% used [0x00000000eb000000,0x00000000eb180000,0x00000000eb180000)
  to   space 1024K, 0% used [0x00000000eb180000,0x00000000eb180000,0x00000000eb280000)
 ParOldGen       total 136192K, used 120672K [0x00000000c0000000, 0x00000000c8500000, 0x00000000eab00000)
  object space 136192K, 88% used [0x00000000c0000000,0x00000000c75d8280,0x00000000c8500000)
 Metaspace       used 85750K, committed 86912K, reserved 1130496K
  class space    used 8874K, committed 9408K, reserved 1048576K
}
Event: 1897.497 GC heap after
{Heap after GC invocations=483 (full 22):
 PSYoungGen      total 3584K, used 1024K [0x00000000eab00000, 0x00000000eb480000, 0x0000000100000000)
  eden space 2560K, 0% used [0x00000000eab00000,0x00000000eab00000,0x00000000ead80000)
  from space 1024K, 100% used [0x00000000eb180000,0x00000000eb280000,0x00000000eb280000)
  to   space 3584K, 0% used [0x00000000ead80000,0x00000000ead80000,0x00000000eb100000)
 ParOldGen       total 136192K, used 122498K [0x00000000c0000000, 0x00000000c8500000, 0x00000000eab00000)
  object space 136192K, 89% used [0x00000000c0000000,0x00000000c77a0bc0,0x00000000c8500000)
 Metaspace       used 85750K, committed 86912K, reserved 1130496K
  class space    used 8874K, committed 9408K, reserved 1048576K
}
Event: 1897.523 GC heap before
{Heap before GC invocations=484 (full 22):
 PSYoungGen      total 3584K, used 3584K [0x00000000eab00000, 0x00000000eb480000, 0x0000000100000000)
  eden space 2560K, 100% used [0x00000000eab00000,0x00000000ead80000,0x00000000ead80000)
  from space 1024K, 100% used [0x00000000eb180000,0x00000000eb280000,0x00000000eb280000)
  to   space 3584K, 0% used [0x00000000ead80000,0x00000000ead80000,0x00000000eb100000)
 ParOldGen       total 136192K, used 122498K [0x00000000c0000000, 0x00000000c8500000, 0x00000000eab00000)
  object space 136192K, 89% used [0x00000000c0000000,0x00000000c77a0bc0,0x00000000c8500000)
 Metaspace       used 85750K, committed 86912K, reserved 1130496K
  class space    used 8874K, committed 9408K, reserved 1048576K
}
Event: 1897.528 GC heap after
{Heap after GC invocations=484 (full 22):
 PSYoungGen      total 4096K, used 1056K [0x00000000eab00000, 0x00000000eb200000, 0x0000000100000000)
  eden space 2560K, 0% used [0x00000000eab00000,0x00000000eab00000,0x00000000ead80000)
  from space 1536K, 68% used [0x00000000ead80000,0x00000000eae88000,0x00000000eaf00000)
  to   space 2048K, 0% used [0x00000000eb000000,0x00000000eb000000,0x00000000eb200000)
 ParOldGen       total 136192K, used 123543K [0x00000000c0000000, 0x00000000c8500000, 0x00000000eab00000)
  object space 136192K, 90% used [0x00000000c0000000,0x00000000c78a5de0,0x00000000c8500000)
 Metaspace       used 85750K, committed 86912K, reserved 1130496K
  class space    used 8874K, committed 9408K, reserved 1048576K
}
Event: 1897.558 GC heap before
{Heap before GC invocations=485 (full 22):
 PSYoungGen      total 4096K, used 3616K [0x00000000eab00000, 0x00000000eb200000, 0x0000000100000000)
  eden space 2560K, 100% used [0x00000000eab00000,0x00000000ead80000,0x00000000ead80000)
  from space 1536K, 68% used [0x00000000ead80000,0x00000000eae88000,0x00000000eaf00000)
  to   space 2048K, 0% used [0x00000000eb000000,0x00000000eb000000,0x00000000eb200000)
 ParOldGen       total 136192K, used 123543K [0x00000000c0000000, 0x00000000c8500000, 0x00000000eab00000)
  object space 136192K, 90% used [0x00000000c0000000,0x00000000c78a5de0,0x00000000c8500000)
 Metaspace       used 85761K, committed 86912K, reserved 1130496K
  class space    used 8874K, committed 9408K, reserved 1048576K
}
Event: 1897.563 GC heap after
{Heap after GC invocations=485 (full 22):
 PSYoungGen      total 4096K, used 809K [0x00000000eab00000, 0x00000000eb100000, 0x0000000100000000)
  eden space 3072K, 0% used [0x00000000eab00000,0x00000000eab00000,0x00000000eae00000)
  from space 1024K, 79% used [0x00000000eb000000,0x00000000eb0ca570,0x00000000eb100000)
  to   space 1024K, 0% used [0x00000000eaf00000,0x00000000eaf00000,0x00000000eb000000)
 ParOldGen       total 136192K, used 124543K [0x00000000c0000000, 0x00000000c8500000, 0x00000000eab00000)
  object space 136192K, 91% used [0x00000000c0000000,0x00000000c799fde0,0x00000000c8500000)
 Metaspace       used 85761K, committed 86912K, reserved 1130496K
  class space    used 8874K, committed 9408K, reserved 1048576K
}
Event: 1897.582 GC heap before
{Heap before GC invocations=486 (full 22):
 PSYoungGen      total 4096K, used 3881K [0x00000000eab00000, 0x00000000eb100000, 0x0000000100000000)
  eden space 3072K, 100% used [0x00000000eab00000,0x00000000eae00000,0x00000000eae00000)
  from space 1024K, 79% used [0x00000000eb000000,0x00000000eb0ca570,0x00000000eb100000)
  to   space 1024K, 0% used [0x00000000eaf00000,0x00000000eaf00000,0x00000000eb000000)
 ParOldGen       total 136192K, used 124543K [0x00000000c0000000, 0x00000000c8500000, 0x00000000eab00000)
  object space 136192K, 91% used [0x00000000c0000000,0x00000000c799fde0,0x00000000c8500000)
 Metaspace       used 85761K, committed 86912K, reserved 1130496K
  class space    used 8874K, committed 9408K, reserved 1048576K
}
Event: 1897.586 GC heap after
{Heap after GC invocations=486 (full 22):
 PSYoungGen      total 5120K, used 1004K [0x00000000eab00000, 0x00000000eb300000, 0x0000000100000000)
  eden space 4096K, 0% used [0x00000000eab00000,0x00000000eab00000,0x00000000eaf00000)
  from space 1024K, 98% used [0x00000000eaf00000,0x00000000eaffb2b8,0x00000000eb000000)
  to   space 2048K, 0% used [0x00000000eb100000,0x00000000eb100000,0x00000000eb300000)
 ParOldGen       total 136192K, used 125047K [0x00000000c0000000, 0x00000000c8500000, 0x00000000eab00000)
  object space 136192K, 91% used [0x00000000c0000000,0x00000000c7a1de20,0x00000000c8500000)
 Metaspace       used 85761K, committed 86912K, reserved 1130496K
  class space    used 8874K, committed 9408K, reserved 1048576K
}
Event: 1897.628 GC heap before
{Heap before GC invocations=487 (full 22):
 PSYoungGen      total 5120K, used 5100K [0x00000000eab00000, 0x00000000eb300000, 0x0000000100000000)
  eden space 4096K, 100% used [0x00000000eab00000,0x00000000eaf00000,0x00000000eaf00000)
  from space 1024K, 98% used [0x00000000eaf00000,0x00000000eaffb2b8,0x00000000eb000000)
  to   space 2048K, 0% used [0x00000000eb100000,0x00000000eb100000,0x00000000eb300000)
 ParOldGen       total 136192K, used 125047K [0x00000000c0000000, 0x00000000c8500000, 0x00000000eab00000)
  object space 136192K, 91% used [0x00000000c0000000,0x00000000c7a1de20,0x00000000c8500000)
 Metaspace       used 85765K, committed 86912K, reserved 1130496K
  class space    used 8874K, committed 9408K, reserved 1048576K
}
Event: 1897.637 GC heap after
{Heap after GC invocations=487 (full 22):
 PSYoungGen      total 6144K, used 736K [0x00000000eab00000, 0x00000000eb200000, 0x0000000100000000)
  eden space 5120K, 0% used [0x00000000eab00000,0x00000000eab00000,0x00000000eb000000)
  from space 1024K, 71% used [0x00000000eb100000,0x00000000eb1b8000,0x00000000eb200000)
  to   space 1024K, 0% used [0x00000000eb000000,0x00000000eb000000,0x00000000eb100000)
 ParOldGen       total 136192K, used 126029K [0x00000000c0000000, 0x00000000c8500000, 0x00000000eab00000)
  object space 136192K, 92% used [0x00000000c0000000,0x00000000c7b13718,0x00000000c8500000)
 Metaspace       used 85765K, committed 86912K, reserved 1130496K
  class space    used 8874K, committed 9408K, reserved 1048576K
}
Event: 2111.066 GC heap before
{Heap before GC invocations=488 (full 22):
 PSYoungGen      total 6144K, used 5855K [0x00000000eab00000, 0x00000000eb200000, 0x0000000100000000)
  eden space 5120K, 99% used [0x00000000eab00000,0x00000000eaffffd8,0x00000000eb000000)
  from space 1024K, 71% used [0x00000000eb100000,0x00000000eb1b8000,0x00000000eb200000)
  to   space 1024K, 0% used [0x00000000eb000000,0x00000000eb000000,0x00000000eb100000)
 ParOldGen       total 136192K, used 126029K [0x00000000c0000000, 0x00000000c8500000, 0x00000000eab00000)
  object space 136192K, 92% used [0x00000000c0000000,0x00000000c7b13718,0x00000000c8500000)
 Metaspace       used 85864K, committed 87040K, reserved 1130496K
  class space    used 8886K, committed 9472K, reserved 1048576K
}
Event: 2111.427 GC heap after
{Heap after GC invocations=488 (full 22):
 PSYoungGen      total 6144K, used 224K [0x00000000eab00000, 0x00000000eb200000, 0x0000000100000000)
  eden space 5120K, 0% used [0x00000000eab00000,0x00000000eab00000,0x00000000eb000000)
  from space 1024K, 21% used [0x00000000eb000000,0x00000000eb038000,0x00000000eb100000)
  to   space 512K, 0% used [0x00000000eb180000,0x00000000eb180000,0x00000000eb200000)
 ParOldGen       total 136192K, used 126742K [0x00000000c0000000, 0x00000000c8500000, 0x00000000eab00000)
  object space 136192K, 93% used [0x00000000c0000000,0x00000000c7bc5be8,0x00000000c8500000)
 Metaspace       used 85864K, committed 87040K, reserved 1130496K
  class space    used 8886K, committed 9472K, reserved 1048576K
}

