# JRE version: OpenJDK Runtime Environment Temurin-17.0.5+8 (17.0.5+8) (build 17.0.5+8)
# Java VM: OpenJDK 64-Bit Server VM Temurin-17.0.5+8 (17.0.5+8, mixed mode, tiered, compressed oops, compressed class ptrs, parallel gc, windows-amd64)
GC Precious Log:
 CPUs: 2 total, 2 available
 Memory: 2047M
 Large Page Support: Disabled
 NUMA Support: Disabled
 Compressed Oops: Enabled (32-bit)
 Alignments: Space 512K, Generation 512K, Heap 2M
 Heap Min Capacity: 100M
 Heap Initial Capacity: 100M
 Heap Max Capacity: 1G
 Pre-touch: Disabled
 Parallel Workers: 2
Heap:
 PSYoungGen      total 21504K, used 0K [0x00000000eab00000, 0x00000000ecb80000, 0x0000000100000000)
  eden space 19456K, 0% used [0x00000000eab00000,0x00000000eab00000,0x00000000ebe00000)
  from space 2048K, 0% used [0x00000000ec380000,0x00000000ec380000,0x00000000ec580000)
  to   space 5632K, 0% used [0x00000000ebe00000,0x00000000ebe00000,0x00000000ec380000)
 ParOldGen       total 68608K, used 24672K [0x00000000c0000000, 0x00000000c4300000, 0x00000000eab00000)
  object space 68608K, 35% used [0x00000000c0000000,0x00000000c1818318,0x00000000c4300000)
 Metaspace       used 35235K, committed 35840K, reserved 1089536K
  class space    used 3552K, committed 3840K, reserved 1048576K
GC Heap History (20 events):
Event: 30.902 GC heap before
{Heap before GC invocations=7 (full 1):
 PSYoungGen      total 26112K, used 25799K [0x00000000eab00000, 0x00000000ec880000, 0x0000000100000000)
  eden space 25088K, 100% used [0x00000000eab00000,0x00000000ec380000,0x00000000ec380000)
  from space 1024K, 69% used [0x00000000ec400000,0x00000000ec4b1d68,0x00000000ec500000)
  to   space 2560K, 0% used [0x00000000ec600000,0x00000000ec600000,0x00000000ec880000)
 ParOldGen       total 68608K, used 6996K [0x00000000c0000000, 0x00000000c4300000, 0x00000000eab00000)
  object space 68608K, 10% used [0x00000000c0000000,0x00000000c06d51c0,0x00000000c4300000)
 Metaspace       used 27539K, committed 28096K, reserved 1081344K
  class space    used 2657K, committed 2880K, reserved 1048576K
}
Event: 30.907 GC heap after
{Heap after GC invocations=7 (full 1):
 PSYoungGen      total 26112K, used 1199K [0x00000000eab00000, 0x00000000ec780000, 0x0000000100000000)
  eden space 24576K, 0% used [0x00000000eab00000,0x00000000eab00000,0x00000000ec300000)
  from space 1536K, 78% used [0x00000000ec600000,0x00000000ec72be08,0x00000000ec780000)
  to   space 1536K, 0% used [0x00000000ec480000,0x00000000ec480000,0x00000000ec600000)
 ParOldGen       total 68608K, used 7004K [0x00000000c0000000, 0x00000000c4300000, 0x00000000eab00000)
  object space 68608K, 10% used [0x00000000c0000000,0x00000000c06d71c0,0x00000000c4300000)
 Metaspace       used 27539K, committed 28096K, reserved 1081344K
  class space    used 2657K, committed 2880K, reserved 1048576K
}
Event: 40.371 GC heap before
{Heap before GC invocations=8 (full 1):
 PSYoungGen      total 26112K, used 25775K [0x00000000eab00000, 0x00000000ec780000, 0x0000000100000000)
  eden space 24576K, 100% used [0x00000000eab00000,0x00000000ec300000,0x00000000ec300000)
  from space 1536K, 78% used [0x00000000ec600000,0x00000000ec72be08,0x00000000ec780000)
  to   space 1536K, 0% used [0x00000000ec480000,0x00000000ec480000,0x00000000ec600000)
 ParOldGen       total 68608K, used 7004K [0x00000000c0000000, 0x00000000c4300000, 0x00000000eab00000)
  object space 68608K, 10% used [0x00000000c0000000,0x00000000c06d71c0,0x00000000c4300000)
 Metaspace       used 31884K, committed 32640K, reserved 1081344K
  class space    used 3204K, committed 3520K, reserved 1048576K
}
Event: 40.377 GC heap after
{Heap after GC invocations=8 (full 1):
 PSYoungGen      total 25600K, used 1528K [0x00000000eab00000, 0x00000000ec880000, 0x0000000100000000)
  eden space 24064K, 0% used [0x00000000eab00000,0x00000000eab00000,0x00000000ec280000)
  from space 1536K, 99% used [0x00000000ec480000,0x00000000ec5fe108,0x00000000ec600000)
  to   space 2560K, 0% used [0x00000000ec600000,0x00000000ec600000,0x00000000ec880000)
 ParOldGen       total 68608K, used 7951K [0x00000000c0000000, 0x00000000c4300000, 0x00000000eab00000)
  object space 68608K, 11% used [0x00000000c0000000,0x00000000c07c3c60,0x00000000c4300000)
 Metaspace       used 31884K, committed 32640K, reserved 1081344K
  class space    used 3204K, committed 3520K, reserved 1048576K
}
Event: 45.726 GC heap before
{Heap before GC invocations=9 (full 1):
 PSYoungGen      total 25600K, used 25592K [0x00000000eab00000, 0x00000000ec880000, 0x0000000100000000)
  eden space 24064K, 100% used [0x00000000eab00000,0x00000000ec280000,0x00000000ec280000)
  from space 1536K, 99% used [0x00000000ec480000,0x00000000ec5fe108,0x00000000ec600000)
  to   space 2560K, 0% used [0x00000000ec600000,0x00000000ec600000,0x00000000ec880000)
 ParOldGen       total 68608K, used 7951K [0x00000000c0000000, 0x00000000c4300000, 0x00000000eab00000)
  object space 68608K, 11% used [0x00000000c0000000,0x00000000c07c3c60,0x00000000c4300000)
 Metaspace       used 34742K, committed 35392K, reserved 1081344K
  class space    used 3506K, committed 3776K, reserved 1048576K
}
Event: 45.732 GC heap after
{Heap after GC invocations=9 (full 1):
 PSYoungGen      total 26112K, used 2534K [0x00000000eab00000, 0x00000000ec900000, 0x0000000100000000)
  eden space 23552K, 0% used [0x00000000eab00000,0x00000000eab00000,0x00000000ec200000)
  from space 2560K, 98% used [0x00000000ec600000,0x00000000ec8798a0,0x00000000ec880000)
  to   space 3584K, 0% used [0x00000000ec200000,0x00000000ec200000,0x00000000ec580000)
 ParOldGen       total 68608K, used 8719K [0x00000000c0000000, 0x00000000c4300000, 0x00000000eab00000)
  object space 68608K, 12% used [0x00000000c0000000,0x00000000c0883c60,0x00000000c4300000)
 Metaspace       used 34742K, committed 35392K, reserved 1081344K
  class space    used 3506K, committed 3776K, reserved 1048576K
}
Event: 46.235 GC heap before
{Heap before GC invocations=10 (full 1):
 PSYoungGen      total 26112K, used 26086K [0x00000000eab00000, 0x00000000ec900000, 0x0000000100000000)
  eden space 23552K, 100% used [0x00000000eab00000,0x00000000ec200000,0x00000000ec200000)
  from space 2560K, 98% used [0x00000000ec600000,0x00000000ec8798a0,0x00000000ec880000)
  to   space 3584K, 0% used [0x00000000ec200000,0x00000000ec200000,0x00000000ec580000)
 ParOldGen       total 68608K, used 8719K [0x00000000c0000000, 0x00000000c4300000, 0x00000000eab00000)
  object space 68608K, 12% used [0x00000000c0000000,0x00000000c0883c60,0x00000000c4300000)
 Metaspace       used 34927K, committed 35584K, reserved 1081344K
  class space    used 3525K, committed 3840K, reserved 1048576K
}
Event: 46.245 GC heap after
{Heap after GC invocations=10 (full 1):
 PSYoungGen      total 26624K, used 3559K [0x00000000eab00000, 0x00000000ecb80000, 0x0000000100000000)
  eden space 23040K, 0% used [0x00000000eab00000,0x00000000eab00000,0x00000000ec180000)
  from space 3584K, 99% used [0x00000000ec200000,0x00000000ec579f60,0x00000000ec580000)
  to   space 5120K, 0% used [0x00000000ec680000,0x00000000ec680000,0x00000000ecb80000)
 ParOldGen       total 68608K, used 9764K [0x00000000c0000000, 0x00000000c4300000, 0x00000000eab00000)
  object space 68608K, 14% used [0x00000000c0000000,0x00000000c0989340,0x00000000c4300000)
 Metaspace       used 34927K, committed 35584K, reserved 1081344K
  class space    used 3525K, committed 3840K, reserved 1048576K
}
Event: 46.394 GC heap before
{Heap before GC invocations=11 (full 1):
 PSYoungGen      total 26624K, used 26599K [0x00000000eab00000, 0x00000000ecb80000, 0x0000000100000000)
  eden space 23040K, 100% used [0x00000000eab00000,0x00000000ec180000,0x00000000ec180000)
  from space 3584K, 99% used [0x00000000ec200000,0x00000000ec579f60,0x00000000ec580000)
  to   space 5120K, 0% used [0x00000000ec680000,0x00000000ec680000,0x00000000ecb80000)
 ParOldGen       total 68608K, used 9764K [0x00000000c0000000, 0x00000000c4300000, 0x00000000eab00000)
  object space 68608K, 14% used [0x00000000c0000000,0x00000000c0989340,0x00000000c4300000)
 Metaspace       used 34953K, committed 35648K, reserved 1081344K
  class space    used 3525K, committed 3840K, reserved 1048576K
}
Event: 46.405 GC heap after
{Heap after GC invocations=11 (full 1):
 PSYoungGen      total 27136K, used 4114K [0x00000000eab00000, 0x00000000ecb00000, 0x0000000100000000)
  eden space 22528K, 0% used [0x00000000eab00000,0x00000000eab00000,0x00000000ec100000)
  from space 4608K, 89% used [0x00000000ec680000,0x00000000eca84b28,0x00000000ecb00000)
  to   space 4608K, 0% used [0x00000000ec200000,0x00000000ec200000,0x00000000ec680000)
 ParOldGen       total 68608K, used 11339K [0x00000000c0000000, 0x00000000c4300000, 0x00000000eab00000)
  object space 68608K, 16% used [0x00000000c0000000,0x00000000c0b12eb8,0x00000000c4300000)
 Metaspace       used 34953K, committed 35648K, reserved 1081344K
  class space    used 3525K, committed 3840K, reserved 1048576K
}
Event: 47.301 GC heap before
{Heap before GC invocations=12 (full 1):
 PSYoungGen      total 27136K, used 26642K [0x00000000eab00000, 0x00000000ecb00000, 0x0000000100000000)
  eden space 22528K, 100% used [0x00000000eab00000,0x00000000ec100000,0x00000000ec100000)
  from space 4608K, 89% used [0x00000000ec680000,0x00000000eca84b28,0x00000000ecb00000)
  to   space 4608K, 0% used [0x00000000ec200000,0x00000000ec200000,0x00000000ec680000)
 ParOldGen       total 68608K, used 11339K [0x00000000c0000000, 0x00000000c4300000, 0x00000000eab00000)
  object space 68608K, 16% used [0x00000000c0000000,0x00000000c0b12eb8,0x00000000c4300000)
 Metaspace       used 35085K, committed 35712K, reserved 1081344K
  class space    used 3540K, committed 3840K, reserved 1048576K
}
Event: 47.316 GC heap after
{Heap after GC invocations=12 (full 1):
 PSYoungGen      total 24576K, used 2464K [0x00000000eab00000, 0x00000000ec780000, 0x0000000100000000)
  eden space 22016K, 0% used [0x00000000eab00000,0x00000000eab00000,0x00000000ec080000)
  from space 2560K, 96% used [0x00000000ec200000,0x00000000ec468010,0x00000000ec480000)
  to   space 3072K, 0% used [0x00000000ec480000,0x00000000ec480000,0x00000000ec780000)
 ParOldGen       total 68608K, used 15446K [0x00000000c0000000, 0x00000000c4300000, 0x00000000eab00000)
  object space 68608K, 22% used [0x00000000c0000000,0x00000000c0f159e0,0x00000000c4300000)
 Metaspace       used 35085K, committed 35712K, reserved 1081344K
  class space    used 3540K, committed 3840K, reserved 1048576K
}
Event: 47.468 GC heap before
{Heap before GC invocations=13 (full 1):
 PSYoungGen      total 24576K, used 24480K [0x00000000eab00000, 0x00000000ec780000, 0x0000000100000000)
  eden space 22016K, 100% used [0x00000000eab00000,0x00000000ec080000,0x00000000ec080000)
  from space 2560K, 96% used [0x00000000ec200000,0x00000000ec468010,0x00000000ec480000)
  to   space 3072K, 0% used [0x00000000ec480000,0x00000000ec480000,0x00000000ec780000)
 ParOldGen       total 68608K, used 15446K [0x00000000c0000000, 0x00000000c4300000, 0x00000000eab00000)
  object space 68608K, 22% used [0x00000000c0000000,0x00000000c0f159e0,0x00000000c4300000)
 Metaspace       used 35088K, committed 35712K, reserved 1081344K
  class space    used 3540K, committed 3840K, reserved 1048576K
}
Event: 47.478 GC heap after
{Heap after GC invocations=13 (full 1):
 PSYoungGen      total 24576K, used 2464K [0x00000000eab00000, 0x00000000ec700000, 0x0000000100000000)
  eden space 22016K, 0% used [0x00000000eab00000,0x00000000eab00000,0x00000000ec080000)
  from space 2560K, 96% used [0x00000000ec480000,0x00000000ec6e8010,0x00000000ec700000)
  to   space 3072K, 0% used [0x00000000ec100000,0x00000000ec100000,0x00000000ec400000)
 ParOldGen       total 68608K, used 17901K [0x00000000c0000000, 0x00000000c4300000, 0x00000000eab00000)
  object space 68608K, 26% used [0x00000000c0000000,0x00000000c117b468,0x00000000c4300000)
 Metaspace       used 35088K, committed 35712K, reserved 1081344K
  class space    used 3540K, committed 3840K, reserved 1048576K
}
Event: 47.523 GC heap before
{Heap before GC invocations=14 (full 1):
 PSYoungGen      total 24576K, used 24480K [0x00000000eab00000, 0x00000000ec700000, 0x0000000100000000)
  eden space 22016K, 100% used [0x00000000eab00000,0x00000000ec080000,0x00000000ec080000)
  from space 2560K, 96% used [0x00000000ec480000,0x00000000ec6e8010,0x00000000ec700000)
  to   space 3072K, 0% used [0x00000000ec100000,0x00000000ec100000,0x00000000ec400000)
 ParOldGen       total 68608K, used 17901K [0x00000000c0000000, 0x00000000c4300000, 0x00000000eab00000)
  object space 68608K, 26% used [0x00000000c0000000,0x00000000c117b468,0x00000000c4300000)
 Metaspace       used 35088K, committed 35712K, reserved 1081344K
  class space    used 3540K, committed 3840K, reserved 1048576K
}
Event: 47.535 GC heap after
{Heap after GC invocations=14 (full 1):
 PSYoungGen      total 24576K, used 2304K [0x00000000eab00000, 0x00000000ec580000, 0x0000000100000000)
  eden space 22016K, 0% used [0x00000000eab00000,0x00000000eab00000,0x00000000ec080000)
  from space 2560K, 90% used [0x00000000ec100000,0x00000000ec340000,0x00000000ec380000)
  to   space 2048K, 0% used [0x00000000ec380000,0x00000000ec380000,0x00000000ec580000)
 ParOldGen       total 68608K, used 20357K [0x00000000c0000000, 0x00000000c4300000, 0x00000000eab00000)
  object space 68608K, 29% used [0x00000000c0000000,0x00000000c13e1478,0x00000000c4300000)
 Metaspace       used 35088K, committed 35712K, reserved 1081344K
  class space    used 3540K, committed 3840K, reserved 1048576K
}
Event: 47.764 GC heap before
{Heap before GC invocations=15 (full 1):
 PSYoungGen      total 24576K, used 19482K [0x00000000eab00000, 0x00000000ec580000, 0x0000000100000000)
  eden space 22016K, 78% used [0x00000000eab00000,0x00000000ebbc6998,0x00000000ec080000)
  from space 2560K, 90% used [0x00000000ec100000,0x00000000ec340000,0x00000000ec380000)
  to   space 2048K, 0% used [0x00000000ec380000,0x00000000ec380000,0x00000000ec580000)
 ParOldGen       total 68608K, used 20357K [0x00000000c0000000, 0x00000000c4300000, 0x00000000eab00000)
  object space 68608K, 29% used [0x00000000c0000000,0x00000000c13e1478,0x00000000c4300000)
 Metaspace       used 35235K, committed 35840K, reserved 1089536K
  class space    used 3552K, committed 3840K, reserved 1048576K
}
Event: 47.776 GC heap after
{Heap after GC invocations=15 (full 1):
 PSYoungGen      total 21504K, used 2040K [0x00000000eab00000, 0x00000000ecb80000, 0x0000000100000000)
  eden space 19456K, 0% used [0x00000000eab00000,0x00000000eab00000,0x00000000ebe00000)
  from space 2048K, 99% used [0x00000000ec380000,0x00000000ec57e118,0x00000000ec580000)
  to   space 5632K, 0% used [0x00000000ebe00000,0x00000000ebe00000,0x00000000ec380000)
 ParOldGen       total 68608K, used 23071K [0x00000000c0000000, 0x00000000c4300000, 0x00000000eab00000)
  object space 68608K, 33% used [0x00000000c0000000,0x00000000c1687fb0,0x00000000c4300000)
 Metaspace       used 35235K, committed 35840K, reserved 1089536K
  class space    used 3552K, committed 3840K, reserved 1048576K
}
Event: 47.776 GC heap before
{Heap before GC invocations=16 (full 2):
 PSYoungGen      total 21504K, used 2040K [0x00000000eab00000, 0x00000000ecb80000, 0x0000000100000000)
  eden space 19456K, 0% used [0x00000000eab00000,0x00000000eab00000,0x00000000ebe00000)
  from space 2048K, 99% used [0x00000000ec380000,0x00000000ec57e118,0x00000000ec580000)
  to   space 5632K, 0% used [0x00000000ebe00000,0x00000000ebe00000,0x00000000ec380000)
 ParOldGen       total 68608K, used 23071K [0x00000000c0000000, 0x00000000c4300000, 0x00000000eab00000)
  object space 68608K, 33% used [0x00000000c0000000,0x00000000c1687fb0,0x00000000c4300000)
 Metaspace       used 35235K, committed 35840K, reserved 1089536K
  class space    used 3552K, committed 3840K, reserved 1048576K
}
Event: 47.877 GC heap after
{Heap after GC invocations=16 (full 2):
 PSYoungGen      total 21504K, used 0K [0x00000000eab00000, 0x00000000ecb80000, 0x0000000100000000)
  eden space 19456K, 0% used [0x00000000eab00000,0x00000000eab00000,0x00000000ebe00000)
  from space 2048K, 0% used [0x00000000ec380000,0x00000000ec380000,0x00000000ec580000)
  to   space 5632K, 0% used [0x00000000ebe00000,0x00000000ebe00000,0x00000000ec380000)
 ParOldGen       total 68608K, used 24672K [0x00000000c0000000, 0x00000000c4300000, 0x00000000eab00000)
  object space 68608K, 35% used [0x00000000c0000000,0x00000000c1818318,0x00000000c4300000)
 Metaspace       used 35235K, committed 35840K, reserved 1089536K
  class space    used 3552K, committed 3840K, reserved 1048576K
}

